This is pdfTeX, Version 3.14159265-2.6-1.40.16 (TeX Live 2015/Debian) (preloaded format=pdflatex 2015.9.2)  13 OCT 2016 19:51
entering extended mode
 restricted \write18 enabled.
 %&-line parsing enabled.
**Manual.tex
(./Manual.tex
LaTeX2e <2015/01/01> patch level 2
Babel <3.9m> and hyphenation patterns for 2 languages loaded.
(/usr/share/texlive/texmf-dist/tex/latex/base/report.cls
Document Class: report 2014/09/29 v1.4h Standard LaTeX document class
(/usr/share/texlive/texmf-dist/tex/latex/base/size11.clo
File: size11.clo 2014/09/29 v1.4h Standard LaTeX file (size option)
)
\c@part=\count79
\c@chapter=\count80
\c@section=\count81
\c@subsection=\count82
\c@subsubsection=\count83
\c@paragraph=\count84
\c@subparagraph=\count85
\c@figure=\count86
\c@table=\count87
\abovecaptionskip=\skip41
\belowcaptionskip=\skip42
\bibindent=\dimen102
)
(/usr/share/texlive/texmf-dist/tex/latex/geometry/geometry.sty
Package: geometry 2010/09/12 v5.6 Page Geometry

(/usr/share/texlive/texmf-dist/tex/latex/graphics/keyval.sty
Package: keyval 2014/10/28 v1.15 key=value parser (DPC)
\KV@toks@=\toks14
)
(/usr/share/texlive/texmf-dist/tex/generic/oberdiek/ifpdf.sty
Package: ifpdf 2011/01/30 v2.3 Provides the ifpdf switch (HO)
Package ifpdf Info: pdfTeX in PDF mode is detected.
)
(/usr/share/texlive/texmf-dist/tex/generic/oberdiek/ifvtex.sty
Package: ifvtex 2010/03/01 v1.5 Detect VTeX and its facilities (HO)
Package ifvtex Info: VTeX not detected.
)
(/usr/share/texlive/texmf-dist/tex/generic/ifxetex/ifxetex.sty
Package: ifxetex 2010/09/12 v0.6 Provides ifxetex conditional
)
\Gm@cnth=\count88
\Gm@cntv=\count89
\c@Gm@tempcnt=\count90
\Gm@bindingoffset=\dimen103
\Gm@wd@mp=\dimen104
\Gm@odd@mp=\dimen105
\Gm@even@mp=\dimen106
\Gm@layoutwidth=\dimen107
\Gm@layoutheight=\dimen108
\Gm@layouthoffset=\dimen109
\Gm@layoutvoffset=\dimen110
\Gm@dimlist=\toks15
)
(/usr/share/texlive/texmf-dist/tex/latex/psnfss/helvet.sty
Package: helvet 2005/04/12 PSNFSS-v9.2a (WaS) 
)
(/usr/share/texlive/texmf-dist/tex/generic/babel/babel.sty
Package: babel 2015/08/03 3.9m The Babel package

(/usr/share/texlive/texmf-dist/tex/generic/babel-spanish/spanish.ldf
Language: spanish.ldf 2014/04/24 v5.0n Spanish support from the babel system

(/usr/share/texlive/texmf-dist/tex/generic/babel/babel.def
File: babel.def 2015/08/03 3.9m Babel common definitions
\babel@savecnt=\count91
\U@D=\dimen111
)

Package babel Warning: No hyphenation patterns were preloaded for
(babel)                the language `Spanish' into the format.
(babel)                Please, configure your TeX system to add them and
(babel)                rebuild the format. Now I will use the patterns
(babel)                preloaded for english instead on input line 51.

\l@spanish = a dialect from \language0
\es@quottoks=\toks16
\es@quotdepth=\count92
Package babel Info: Making " an active character on input line 516.
Package babel Info: Making . an active character on input line 617.
Package babel Info: Making < an active character on input line 662.
Package babel Info: Making > an active character on input line 662.
)) (/usr/share/texlive/texmf-dist/tex/latex/base/inputenc.sty
Package: inputenc 2015/03/17 v1.2c Input encoding file
\inpenc@prehook=\toks17
\inpenc@posthook=\toks18

(/usr/share/texlive/texmf-dist/tex/latex/base/utf8.def
File: utf8.def 2015/06/27 v1.1n UTF-8 support for inputenc
Now handling font encoding OML ...
... no UTF-8 mapping file for font encoding OML
Now handling font encoding T1 ...
... processing UTF-8 mapping file for font encoding T1

(/usr/share/texlive/texmf-dist/tex/latex/base/t1enc.dfu
File: t1enc.dfu 2015/06/27 v1.1n UTF-8 support for inputenc
   defining Unicode char U+00A1 (decimal 161)
   defining Unicode char U+00A3 (decimal 163)
   defining Unicode char U+00AB (decimal 171)
   defining Unicode char U+00BB (decimal 187)
   defining Unicode char U+00BF (decimal 191)
   defining Unicode char U+00C0 (decimal 192)
   defining Unicode char U+00C1 (decimal 193)
   defining Unicode char U+00C2 (decimal 194)
   defining Unicode char U+00C3 (decimal 195)
   defining Unicode char U+00C4 (decimal 196)
   defining Unicode char U+00C5 (decimal 197)
   defining Unicode char U+00C6 (decimal 198)
   defining Unicode char U+00C7 (decimal 199)
   defining Unicode char U+00C8 (decimal 200)
   defining Unicode char U+00C9 (decimal 201)
   defining Unicode char U+00CA (decimal 202)
   defining Unicode char U+00CB (decimal 203)
   defining Unicode char U+00CC (decimal 204)
   defining Unicode char U+00CD (decimal 205)
   defining Unicode char U+00CE (decimal 206)
   defining Unicode char U+00CF (decimal 207)
   defining Unicode char U+00D0 (decimal 208)
   defining Unicode char U+00D1 (decimal 209)
   defining Unicode char U+00D2 (decimal 210)
   defining Unicode char U+00D3 (decimal 211)
   defining Unicode char U+00D4 (decimal 212)
   defining Unicode char U+00D5 (decimal 213)
   defining Unicode char U+00D6 (decimal 214)
   defining Unicode char U+00D8 (decimal 216)
   defining Unicode char U+00D9 (decimal 217)
   defining Unicode char U+00DA (decimal 218)
   defining Unicode char U+00DB (decimal 219)
   defining Unicode char U+00DC (decimal 220)
   defining Unicode char U+00DD (decimal 221)
   defining Unicode char U+00DE (decimal 222)
   defining Unicode char U+00DF (decimal 223)
   defining Unicode char U+00E0 (decimal 224)
   defining Unicode char U+00E1 (decimal 225)
   defining Unicode char U+00E2 (decimal 226)
   defining Unicode char U+00E3 (decimal 227)
   defining Unicode char U+00E4 (decimal 228)
   defining Unicode char U+00E5 (decimal 229)
   defining Unicode char U+00E6 (decimal 230)
   defining Unicode char U+00E7 (decimal 231)
   defining Unicode char U+00E8 (decimal 232)
   defining Unicode char U+00E9 (decimal 233)
   defining Unicode char U+00EA (decimal 234)
   defining Unicode char U+00EB (decimal 235)
   defining Unicode char U+00EC (decimal 236)
   defining Unicode char U+00ED (decimal 237)
   defining Unicode char U+00EE (decimal 238)
   defining Unicode char U+00EF (decimal 239)
   defining Unicode char U+00F0 (decimal 240)
   defining Unicode char U+00F1 (decimal 241)
   defining Unicode char U+00F2 (decimal 242)
   defining Unicode char U+00F3 (decimal 243)
   defining Unicode char U+00F4 (decimal 244)
   defining Unicode char U+00F5 (decimal 245)
   defining Unicode char U+00F6 (decimal 246)
   defining Unicode char U+00F8 (decimal 248)
   defining Unicode char U+00F9 (decimal 249)
   defining Unicode char U+00FA (decimal 250)
   defining Unicode char U+00FB (decimal 251)
   defining Unicode char U+00FC (decimal 252)
   defining Unicode char U+00FD (decimal 253)
   defining Unicode char U+00FE (decimal 254)
   defining Unicode char U+00FF (decimal 255)
   defining Unicode char U+0102 (decimal 258)
   defining Unicode char U+0103 (decimal 259)
   defining Unicode char U+0104 (decimal 260)
   defining Unicode char U+0105 (decimal 261)
   defining Unicode char U+0106 (decimal 262)
   defining Unicode char U+0107 (decimal 263)
   defining Unicode char U+010C (decimal 268)
   defining Unicode char U+010D (decimal 269)
   defining Unicode char U+010E (decimal 270)
   defining Unicode char U+010F (decimal 271)
   defining Unicode char U+0110 (decimal 272)
   defining Unicode char U+0111 (decimal 273)
   defining Unicode char U+0118 (decimal 280)
   defining Unicode char U+0119 (decimal 281)
   defining Unicode char U+011A (decimal 282)
   defining Unicode char U+011B (decimal 283)
   defining Unicode char U+011E (decimal 286)
   defining Unicode char U+011F (decimal 287)
   defining Unicode char U+0130 (decimal 304)
   defining Unicode char U+0131 (decimal 305)
   defining Unicode char U+0132 (decimal 306)
   defining Unicode char U+0133 (decimal 307)
   defining Unicode char U+0139 (decimal 313)
   defining Unicode char U+013A (decimal 314)
   defining Unicode char U+013D (decimal 317)
   defining Unicode char U+013E (decimal 318)
   defining Unicode char U+0141 (decimal 321)
   defining Unicode char U+0142 (decimal 322)
   defining Unicode char U+0143 (decimal 323)
   defining Unicode char U+0144 (decimal 324)
   defining Unicode char U+0147 (decimal 327)
   defining Unicode char U+0148 (decimal 328)
   defining Unicode char U+014A (decimal 330)
   defining Unicode char U+014B (decimal 331)
   defining Unicode char U+0150 (decimal 336)
   defining Unicode char U+0151 (decimal 337)
   defining Unicode char U+0152 (decimal 338)
   defining Unicode char U+0153 (decimal 339)
   defining Unicode char U+0154 (decimal 340)
   defining Unicode char U+0155 (decimal 341)
   defining Unicode char U+0158 (decimal 344)
   defining Unicode char U+0159 (decimal 345)
   defining Unicode char U+015A (decimal 346)
   defining Unicode char U+015B (decimal 347)
   defining Unicode char U+015E (decimal 350)
   defining Unicode char U+015F (decimal 351)
   defining Unicode char U+0160 (decimal 352)
   defining Unicode char U+0161 (decimal 353)
   defining Unicode char U+0162 (decimal 354)
   defining Unicode char U+0163 (decimal 355)
   defining Unicode char U+0164 (decimal 356)
   defining Unicode char U+0165 (decimal 357)
   defining Unicode char U+016E (decimal 366)
   defining Unicode char U+016F (decimal 367)
   defining Unicode char U+0170 (decimal 368)
   defining Unicode char U+0171 (decimal 369)
   defining Unicode char U+0178 (decimal 376)
   defining Unicode char U+0179 (decimal 377)
   defining Unicode char U+017A (decimal 378)
   defining Unicode char U+017B (decimal 379)
   defining Unicode char U+017C (decimal 380)
   defining Unicode char U+017D (decimal 381)
   defining Unicode char U+017E (decimal 382)
   defining Unicode char U+200C (decimal 8204)
   defining Unicode char U+2013 (decimal 8211)
   defining Unicode char U+2014 (decimal 8212)
   defining Unicode char U+2018 (decimal 8216)
   defining Unicode char U+2019 (decimal 8217)
   defining Unicode char U+201A (decimal 8218)
   defining Unicode char U+201C (decimal 8220)
   defining Unicode char U+201D (decimal 8221)
   defining Unicode char U+201E (decimal 8222)
   defining Unicode char U+2030 (decimal 8240)
   defining Unicode char U+2031 (decimal 8241)
   defining Unicode char U+2039 (decimal 8249)
   defining Unicode char U+203A (decimal 8250)
   defining Unicode char U+2423 (decimal 9251)
)
Now handling font encoding OT1 ...
... processing UTF-8 mapping file for font encoding OT1

(/usr/share/texlive/texmf-dist/tex/latex/base/ot1enc.dfu
File: ot1enc.dfu 2015/06/27 v1.1n UTF-8 support for inputenc
   defining Unicode char U+00A1 (decimal 161)
   defining Unicode char U+00A3 (decimal 163)
   defining Unicode char U+00B8 (decimal 184)
   defining Unicode char U+00BF (decimal 191)
   defining Unicode char U+00C5 (decimal 197)
   defining Unicode char U+00C6 (decimal 198)
   defining Unicode char U+00D8 (decimal 216)
   defining Unicode char U+00DF (decimal 223)
   defining Unicode char U+00E6 (decimal 230)
   defining Unicode char U+00EC (decimal 236)
   defining Unicode char U+00ED (decimal 237)
   defining Unicode char U+00EE (decimal 238)
   defining Unicode char U+00EF (decimal 239)
   defining Unicode char U+00F8 (decimal 248)
   defining Unicode char U+0131 (decimal 305)
   defining Unicode char U+0141 (decimal 321)
   defining Unicode char U+0142 (decimal 322)
   defining Unicode char U+0152 (decimal 338)
   defining Unicode char U+0153 (decimal 339)
   defining Unicode char U+2013 (decimal 8211)
   defining Unicode char U+2014 (decimal 8212)
   defining Unicode char U+2018 (decimal 8216)
   defining Unicode char U+2019 (decimal 8217)
   defining Unicode char U+201C (decimal 8220)
   defining Unicode char U+201D (decimal 8221)
)
Now handling font encoding OMS ...
... processing UTF-8 mapping file for font encoding OMS

(/usr/share/texlive/texmf-dist/tex/latex/base/omsenc.dfu
File: omsenc.dfu 2015/06/27 v1.1n UTF-8 support for inputenc
   defining Unicode char U+00A7 (decimal 167)
   defining Unicode char U+00B6 (decimal 182)
   defining Unicode char U+00B7 (decimal 183)
   defining Unicode char U+2020 (decimal 8224)
   defining Unicode char U+2021 (decimal 8225)
   defining Unicode char U+2022 (decimal 8226)
)
Now handling font encoding OMX ...
... no UTF-8 mapping file for font encoding OMX
Now handling font encoding U ...
... no UTF-8 mapping file for font encoding U
   defining Unicode char U+00A9 (decimal 169)
   defining Unicode char U+00AA (decimal 170)
   defining Unicode char U+00AE (decimal 174)
   defining Unicode char U+00BA (decimal 186)
   defining Unicode char U+02C6 (decimal 710)
   defining Unicode char U+02DC (decimal 732)
   defining Unicode char U+200C (decimal 8204)
   defining Unicode char U+2026 (decimal 8230)
   defining Unicode char U+2122 (decimal 8482)
   defining Unicode char U+2423 (decimal 9251)
))
(/usr/share/texlive/texmf-dist/tex/latex/base/fontenc.sty
Package: fontenc 2005/09/27 v1.99g Standard LaTeX package

(/usr/share/texlive/texmf-dist/tex/latex/base/t1enc.def
File: t1enc.def 2005/09/27 v1.99g Standard LaTeX file
LaTeX Font Info:    Redeclaring font encoding T1 on input line 48.
))
(/usr/share/texlive/texmf-dist/tex/latex/graphics/graphicx.sty
Package: graphicx 2014/10/28 v1.0g Enhanced LaTeX Graphics (DPC,SPQR)

(/usr/share/texlive/texmf-dist/tex/latex/graphics/graphics.sty
Package: graphics 2014/10/28 v1.0p Standard LaTeX Graphics (DPC,SPQR)

(/usr/share/texlive/texmf-dist/tex/latex/graphics/trig.sty
Package: trig 1999/03/16 v1.09 sin cos tan (DPC)
)
(/usr/share/texlive/texmf-dist/tex/latex/latexconfig/graphics.cfg
File: graphics.cfg 2010/04/23 v1.9 graphics configuration of TeX Live
)
Package graphics Info: Driver file: pdftex.def on input line 94.

(/usr/share/texlive/texmf-dist/tex/latex/pdftex-def/pdftex.def
File: pdftex.def 2011/05/27 v0.06d Graphics/color for pdfTeX

(/usr/share/texlive/texmf-dist/tex/generic/oberdiek/infwarerr.sty
Package: infwarerr 2010/04/08 v1.3 Providing info/warning/error messages (HO)
)
(/usr/share/texlive/texmf-dist/tex/generic/oberdiek/ltxcmds.sty
Package: ltxcmds 2011/11/09 v1.22 LaTeX kernel commands for general use (HO)
)
\Gread@gobject=\count93
))
\Gin@req@height=\dimen112
\Gin@req@width=\dimen113
)
(/usr/share/texlive/texmf-dist/tex/latex/datetime/datetime.sty
Package: datetime 2015/03/20 v2.60 Date Time Package

(/usr/share/texlive/texmf-dist/tex/latex/etoolbox/etoolbox.sty
Package: etoolbox 2015/08/02 v2.2a e-TeX tools for LaTeX (JAW)
\etb@tempcnta=\count94
)
(/usr/share/texlive/texmf-dist/tex/latex/fmtcount/fmtcount.sty
Package: fmtcount 2015/05/05 v3.01

(/usr/share/texlive/texmf-dist/tex/latex/base/ifthen.sty
Package: ifthen 2014/09/29 v1.1c Standard LaTeX ifthen package (DPC)
)
(/usr/share/texlive/texmf-dist/tex/latex/xkeyval/xkeyval.sty
Package: xkeyval 2014/12/03 v2.7a package option processing (HA)

(/usr/share/texlive/texmf-dist/tex/generic/xkeyval/xkeyval.tex
(/usr/share/texlive/texmf-dist/tex/generic/xkeyval/xkvutils.tex
\XKV@toks=\toks19
\XKV@tempa@toks=\toks20
)
\XKV@depth=\count95
File: xkeyval.tex 2014/12/03 v2.7a key=value parser (HA)
))
(/usr/share/texlive/texmf-dist/tex/latex/fmtcount/fcprefix.sty
Package: fcprefix 2012/09/28

(/usr/share/texlive/texmf-dist/tex/latex/fmtcount/fcnumparser.sty
Package: fcnumparser 2012/09/28
\fc@digit@counter=\count96
))
(/usr/share/texlive/texmf-dist/tex/latex/amsmath/amsgen.sty
File: amsgen.sty 1999/11/30 v2.0
\@emptytoks=\toks21
\ex@=\dimen114
)
\c@padzeroesN=\count97
\fc@tmpcatcode=\count98
\@DT@modctr=\count99
\@ordinalctr=\count100
\@orgargctr=\count101
\@strctr=\count102
\@tmpstrctr=\count103
\@DT@loopN=\count104
\@DT@X=\count105
)
(/usr/share/texlive/texmf-dist/tex/latex/datetime/datetime-defaults.sty
Package: datetime-defaults 2013/09/10
)
\@day=\count106
\@month=\count107
\@year=\count108
\c@HOUR=\count109
\c@HOURXII=\count110
\c@MINUTE=\count111
\c@TOHOUR=\count112
\c@TOMINUTE=\count113
\c@SECOND=\count114
\currenthour=\count115
\currentminute=\count116
\currentsecond=\count117
Package datetime Info: No datetime.cfg file found, using default settings on in
put line 308.
\@dtctr=\count118
\dayofyear=\count119
\dayofweek=\count120
LaTeX Info: Redefining \today on input line 736.

(/usr/share/texlive/texmf-dist/tex/latex/datetime/dt-spanish.def
File: dt-spanish.def 2013/09/10
LaTeX Info: Redefining \datespanish on input line 85.
)
\dt@a=\toks22
\dt@b=\toks23
)
(/usr/share/texlive/texmf-dist/tex/latex/caption/caption.sty
Package: caption 2013/05/02 v3.3-89 Customizing captions (AR)

(/usr/share/texlive/texmf-dist/tex/latex/caption/caption3.sty
Package: caption3 2013/05/02 v1.6-88 caption3 kernel (AR)
Package caption3 Info: TeX engine: e-TeX on input line 57.
\captionmargin=\dimen115
\captionmargin@=\dimen116
\captionwidth=\dimen117
\caption@tempdima=\dimen118
\caption@indent=\dimen119
\caption@parindent=\dimen120
\caption@hangindent=\dimen121
)
\c@ContinuedFloat=\count121
)
(/usr/share/texlive/texmf-dist/tex/latex/csquotes/csquotes.sty
Package: csquotes 2015/07/18 v5.1f context-sensitive quotations (JAW)
\csq@reset=\count122
\csq@gtype=\count123
\csq@glevel=\count124
\csq@qlevel=\count125
\csq@maxlvl=\count126
\csq@tshold=\count127
\csq@ltx@everypar=\toks24

(/usr/share/texlive/texmf-dist/tex/latex/csquotes/csquotes.def
File: csquotes.def 2015/07/18 v5.1f csquotes generic definitions (JAW)
)
Package csquotes Info: Trying to load configuration file 'csquotes.cfg'...
Package csquotes Info: ... configuration file loaded successfully.

(/usr/share/texlive/texmf-dist/tex/latex/csquotes/csquotes.cfg
File: csquotes.cfg 
)
Package csquotes Info: Enabling multilingual quotes.
)
(/usr/share/texlive/texmf-dist/tex/latex/hyperref/hyperref.sty
Package: hyperref 2012/11/06 v6.83m Hypertext links for LaTeX

(/usr/share/texlive/texmf-dist/tex/generic/oberdiek/hobsub-hyperref.sty
Package: hobsub-hyperref 2012/05/28 v1.13 Bundle oberdiek, subset hyperref (HO)


(/usr/share/texlive/texmf-dist/tex/generic/oberdiek/hobsub-generic.sty
Package: hobsub-generic 2012/05/28 v1.13 Bundle oberdiek, subset generic (HO)
Package: hobsub 2012/05/28 v1.13 Construct package bundles (HO)
Package hobsub Info: Skipping package `infwarerr' (already loaded).
Package hobsub Info: Skipping package `ltxcmds' (already loaded).
Package: ifluatex 2010/03/01 v1.3 Provides the ifluatex switch (HO)
Package ifluatex Info: LuaTeX not detected.
Package hobsub Info: Skipping package `ifvtex' (already loaded).
Package: intcalc 2007/09/27 v1.1 Expandable calculations with integers (HO)
Package hobsub Info: Skipping package `ifpdf' (already loaded).
Package: etexcmds 2011/02/16 v1.5 Avoid name clashes with e-TeX commands (HO)
Package etexcmds Info: Could not find \expanded.
(etexcmds)             That can mean that you are not using pdfTeX 1.50 or
(etexcmds)             that some package has redefined \expanded.
(etexcmds)             In the latter case, load this package earlier.
Package: kvsetkeys 2012/04/25 v1.16 Key value parser (HO)
Package: kvdefinekeys 2011/04/07 v1.3 Define keys (HO)
Package: pdftexcmds 2011/11/29 v0.20 Utility functions of pdfTeX for LuaTeX (HO
)
Package pdftexcmds Info: LuaTeX not detected.
Package pdftexcmds Info: \pdf@primitive is available.
Package pdftexcmds Info: \pdf@ifprimitive is available.
Package pdftexcmds Info: \pdfdraftmode found.
Package: pdfescape 2011/11/25 v1.13 Implements pdfTeX's escape features (HO)
Package: bigintcalc 2012/04/08 v1.3 Expandable calculations on big integers (HO
)
Package: bitset 2011/01/30 v1.1 Handle bit-vector datatype (HO)
Package: uniquecounter 2011/01/30 v1.2 Provide unlimited unique counter (HO)
)
Package hobsub Info: Skipping package `hobsub' (already loaded).
Package: letltxmacro 2010/09/02 v1.4 Let assignment for LaTeX macros (HO)
Package: hopatch 2012/05/28 v1.2 Wrapper for package hooks (HO)
Package: xcolor-patch 2011/01/30 xcolor patch
Package: atveryend 2011/06/30 v1.8 Hooks at the very end of document (HO)
Package: atbegshi 2011/10/05 v1.16 At begin shipout hook (HO)
Package: refcount 2011/10/16 v3.4 Data extraction from label references (HO)
Package: hycolor 2011/01/30 v1.7 Color options for hyperref/bookmark (HO)
)
(/usr/share/texlive/texmf-dist/tex/latex/oberdiek/auxhook.sty
Package: auxhook 2011/03/04 v1.3 Hooks for auxiliary files (HO)
)
(/usr/share/texlive/texmf-dist/tex/latex/oberdiek/kvoptions.sty
Package: kvoptions 2011/06/30 v3.11 Key value format for package options (HO)
)
\@linkdim=\dimen122
\Hy@linkcounter=\count128
\Hy@pagecounter=\count129

(/usr/share/texlive/texmf-dist/tex/latex/hyperref/pd1enc.def
File: pd1enc.def 2012/11/06 v6.83m Hyperref: PDFDocEncoding definition (HO)
Now handling font encoding PD1 ...
... no UTF-8 mapping file for font encoding PD1
)
\Hy@SavedSpaceFactor=\count130

(/usr/share/texlive/texmf-dist/tex/latex/latexconfig/hyperref.cfg
File: hyperref.cfg 2002/06/06 v1.2 hyperref configuration of TeXLive
)
Package hyperref Info: Option `colorlinks' set `true' on input line 4319.
Package hyperref Info: Hyper figures OFF on input line 4443.
Package hyperref Info: Link nesting OFF on input line 4448.
Package hyperref Info: Hyper index ON on input line 4451.
Package hyperref Info: Plain pages OFF on input line 4458.
Package hyperref Info: Backreferencing OFF on input line 4463.
Package hyperref Info: Implicit mode ON; LaTeX internals redefined.
Package hyperref Info: Bookmarks ON on input line 4688.
\c@Hy@tempcnt=\count131

(/usr/share/texlive/texmf-dist/tex/latex/url/url.sty
\Urlmuskip=\muskip10
Package: url 2013/09/16  ver 3.4  Verb mode for urls, etc.
)
LaTeX Info: Redefining \url on input line 5041.
\XeTeXLinkMargin=\dimen123
\Fld@menulength=\count132
\Field@Width=\dimen124
\Fld@charsize=\dimen125
Package hyperref Info: Hyper figures OFF on input line 6295.
Package hyperref Info: Link nesting OFF on input line 6300.
Package hyperref Info: Hyper index ON on input line 6303.
Package hyperref Info: backreferencing OFF on input line 6310.
Package hyperref Info: Link coloring ON on input line 6313.
Package hyperref Info: Link coloring with OCG OFF on input line 6320.
Package hyperref Info: PDF/A mode OFF on input line 6325.
LaTeX Info: Redefining \ref on input line 6365.
LaTeX Info: Redefining \pageref on input line 6369.
\Hy@abspage=\count133
\c@Item=\count134
\c@Hfootnote=\count135
)

Package hyperref Message: Driver (autodetected): hpdftex.

(/usr/share/texlive/texmf-dist/tex/latex/hyperref/hpdftex.def
File: hpdftex.def 2012/11/06 v6.83m Hyperref driver for pdfTeX
\Fld@listcount=\count136
\c@bookmark@seq@number=\count137

(/usr/share/texlive/texmf-dist/tex/latex/oberdiek/rerunfilecheck.sty
Package: rerunfilecheck 2011/04/15 v1.7 Rerun checks for auxiliary files (HO)
Package uniquecounter Info: New unique counter `rerunfilecheck' on input line 2
82.
)
\Hy@SectionHShift=\skip43
)
(/usr/share/texlive/texmf-dist/tex/latex/oberdiek/bookmark.sty
Package: bookmark 2011/12/02 v1.24 PDF bookmarks (HO)

(/usr/share/texlive/texmf-dist/tex/latex/oberdiek/bkm-pdftex.def
File: bkm-pdftex.def 2011/12/02 v1.24 bookmark driver for pdfTeX (HO)
\BKM@id=\count138
))
(/usr/share/texlive/texmf-dist/tex/latex/apacite/apacite.sty
Package: apacite 2013/07/21 v6.03 APA citation
\c@BibCnt=\count139
\bibleftmargin=\skip44
\bibindent=\skip45
\bibparsep=\skip46
\bibitemsep=\skip47
\biblabelsep=\skip48
)
(/usr/share/texlive/texmf-dist/tex/latex/ms/ragged2e.sty
Package: ragged2e 2009/05/21 v2.1 ragged2e Package (MS)

(/usr/share/texlive/texmf-dist/tex/latex/ms/everysel.sty
Package: everysel 2011/10/28 v1.2 EverySelectfont Package (MS)
)
\CenteringLeftskip=\skip49
\RaggedLeftLeftskip=\skip50
\RaggedRightLeftskip=\skip51
\CenteringRightskip=\skip52
\RaggedLeftRightskip=\skip53
\RaggedRightRightskip=\skip54
\CenteringParfillskip=\skip55
\RaggedLeftParfillskip=\skip56
\RaggedRightParfillskip=\skip57
\JustifyingParfillskip=\skip58
\CenteringParindent=\skip59
\RaggedLeftParindent=\skip60
\RaggedRightParindent=\skip61
\JustifyingParindent=\skip62
)
(/usr/share/texlive/texmf-dist/tex/latex/xcolor/xcolor.sty
Package: xcolor 2007/01/21 v2.11 LaTeX color extensions (UK)

(/usr/share/texlive/texmf-dist/tex/latex/latexconfig/color.cfg
File: color.cfg 2007/01/18 v1.5 color configuration of teTeX/TeXLive
)
Package xcolor Info: Driver file: pdftex.def on input line 225.
Package xcolor Info: Model `cmy' substituted by `cmy0' on input line 1337.
Package xcolor Info: Model `hsb' substituted by `rgb' on input line 1341.
Package xcolor Info: Model `RGB' extended on input line 1353.
Package xcolor Info: Model `HTML' substituted by `rgb' on input line 1355.
Package xcolor Info: Model `Hsb' substituted by `hsb' on input line 1356.
Package xcolor Info: Model `tHsb' substituted by `hsb' on input line 1357.
Package xcolor Info: Model `HSB' substituted by `hsb' on input line 1358.
Package xcolor Info: Model `Gray' substituted by `gray' on input line 1359.
Package xcolor Info: Model `wave' substituted by `hsb' on input line 1360.
)
(/usr/share/texlive/texmf-dist/tex/latex/listings/listings.sty
\lst@mode=\count140
\lst@gtempboxa=\box26
\lst@token=\toks25
\lst@length=\count141
\lst@currlwidth=\dimen126
\lst@column=\count142
\lst@pos=\count143
\lst@lostspace=\dimen127
\lst@width=\dimen128
\lst@newlines=\count144
\lst@lineno=\count145
\lst@maxwidth=\dimen129

(/usr/share/texlive/texmf-dist/tex/latex/listings/lstmisc.sty
File: lstmisc.sty 2015/06/04 1.6 (Carsten Heinz)
\c@lstnumber=\count146
\lst@skipnumbers=\count147
\lst@framebox=\box27
)
(/usr/share/texlive/texmf-dist/tex/latex/listings/listings.cfg
File: listings.cfg 2015/06/04 1.6 listings configuration
))
Package: listings 2015/06/04 1.6 (Carsten Heinz)

(/usr/share/texlive/texmf-dist/tex/latex/listings/lstlang1.sty
File: lstlang1.sty 2015/06/04 1.6 listings language file
)
(/usr/share/texlive/texmf-dist/tex/latex/listings/lstlang2.sty
File: lstlang2.sty 2015/06/04 1.6 listings language file
)
(/usr/share/texlive/texmf-dist/tex/latex/tools/enumerate.sty
Package: enumerate 2014/10/28 v3.00 enumerate extensions (DPC)
\@enLab=\toks26
)
(/usr/share/texlive/texmf-dist/tex/latex/graphics/lscape.sty
Package: lscape 2000/10/22 v3.01 Landscape Pages (DPC)
)
(/usr/share/texlive/texmf-dist/tex/latex/tools/xspace.sty
Package: xspace 2014/10/28 v1.13 Space after command names (DPC,MH)
)
(/usr/share/texlive/texmf-dist/tex/latex/titlesec/titlesec.sty
Package: titlesec 2011/12/15 v2.10.0 Sectioning titles
\ttl@box=\box28
\beforetitleunit=\skip63
\aftertitleunit=\skip64
\ttl@plus=\dimen130
\ttl@minus=\dimen131
\ttl@toksa=\toks27
\titlewidth=\dimen132
\titlewidthlast=\dimen133
\titlewidthfirst=\dimen134
)
(/usr/share/texlive/texmf-dist/tex/latex/float/float.sty
Package: float 2001/11/08 v1.3d Float enhancements (AL)
\c@float@type=\count148
\float@exts=\toks28
\float@box=\box29
\@float@everytoks=\toks29
\@floatcapt=\box30
)
Package csquotes Info: Checking for multilingual support...
Package csquotes Info: ... found 'babel' package.
 (./Manual.aux
LaTeX Info: Redefining \. on input line 25.
LaTeX Info: Redefining \% on input line 25.
)
\openout1 = `Manual.aux'.

LaTeX Font Info:    Checking defaults for OML/cmm/m/it on input line 148.
LaTeX Font Info:    ... okay on input line 148.
LaTeX Font Info:    Checking defaults for T1/cmr/m/n on input line 148.
LaTeX Font Info:    ... okay on input line 148.
LaTeX Font Info:    Checking defaults for OT1/cmr/m/n on input line 148.
LaTeX Font Info:    ... okay on input line 148.
LaTeX Font Info:    Checking defaults for OMS/cmsy/m/n on input line 148.
LaTeX Font Info:    ... okay on input line 148.
LaTeX Font Info:    Checking defaults for OMX/cmex/m/n on input line 148.
LaTeX Font Info:    ... okay on input line 148.
LaTeX Font Info:    Checking defaults for U/cmr/m/n on input line 148.
LaTeX Font Info:    ... okay on input line 148.
LaTeX Font Info:    Checking defaults for PD1/pdf/m/n on input line 148.
LaTeX Font Info:    ... okay on input line 148.
LaTeX Font Info:    Try loading font information for T1+phv on input line 148.

(/usr/share/texlive/texmf-dist/tex/latex/psnfss/t1phv.fd
File: t1phv.fd 2001/06/04 scalable font definitions for T1/phv.
)
*geometry* driver: auto-detecting
*geometry* detected driver: pdftex
*geometry* verbose mode - [ preamble ] result:
* driver: pdftex
* paper: letterpaper
* layout: <same size as paper>
* layoutoffset:(h,v)=(0.0pt,0.0pt)
* modes: twoside 
* h-part:(L,W,R)=(85.35826pt, 472.03123pt, 56.9055pt)
* v-part:(T,H,B)=(56.9055pt, 681.15898pt, 56.9055pt)
* \paperwidth=614.295pt
* \paperheight=794.96999pt
* \textwidth=472.03123pt
* \textheight=681.15898pt
* \oddsidemargin=13.08827pt
* \evensidemargin=-15.36449pt
* \topmargin=-52.36449pt
* \headheight=12.0pt
* \headsep=25.0pt
* \topskip=11.0pt
* \footskip=30.0pt
* \marginparwidth=113.0pt
* \marginparsep=10.0pt
* \columnsep=10.0pt
* \skip\footins=10.0pt plus 4.0pt minus 2.0pt
* \hoffset=0.0pt
* \voffset=0.0pt
* \mag=1000
* \@twocolumnfalse
* \@twosidetrue
* \@mparswitchtrue
* \@reversemarginfalse
* (1in=72.27pt=25.4mm, 1cm=28.453pt)

LaTeX Info: Redefining \. on input line 148.
LaTeX Info: Redefining \% on input line 148.
(/usr/share/texlive/texmf-dist/tex/context/base/supp-pdf.mkii
[Loading MPS to PDF converter (version 2006.09.02).]
\scratchcounter=\count149
\scratchdimen=\dimen135
\scratchbox=\box31
\nofMPsegments=\count150
\nofMParguments=\count151
\everyMPshowfont=\toks30
\MPscratchCnt=\count152
\MPscratchDim=\dimen136
\MPnumerator=\count153
\makeMPintoPDFobject=\count154
\everyMPtoPDFconversion=\toks31
) (/usr/share/texlive/texmf-dist/tex/latex/oberdiek/epstopdf-base.sty
Package: epstopdf-base 2010/02/09 v2.5 Base part for package epstopdf

(/usr/share/texlive/texmf-dist/tex/latex/oberdiek/grfext.sty
Package: grfext 2010/08/19 v1.1 Manage graphics extensions (HO)
)
Package grfext Info: Graphics extension search list:
(grfext)             [.png,.pdf,.jpg,.mps,.jpeg,.jbig2,.jb2,.PNG,.PDF,.JPG,.JPE
G,.JBIG2,.JB2,.eps]
(grfext)             \AppendGraphicsExtensions on input line 452.

(/usr/share/texlive/texmf-dist/tex/latex/latexconfig/epstopdf-sys.cfg
File: epstopdf-sys.cfg 2010/07/13 v1.3 Configuration of (r)epstopdf for TeX Liv
e
))
Package caption Info: Begin \AtBeginDocument code.
Package caption Info: float package is loaded.
Package caption Info: hyperref package is loaded.
Package caption Info: listings package is loaded.
Package caption Info: End \AtBeginDocument code.
\AtBeginShipoutBox=\box32
Package hyperref Info: Link coloring ON on input line 148.

(/usr/share/texlive/texmf-dist/tex/latex/hyperref/nameref.sty
Package: nameref 2012/10/27 v2.43 Cross-referencing by name of section

(/usr/share/texlive/texmf-dist/tex/generic/oberdiek/gettitlestring.sty
Package: gettitlestring 2010/12/03 v1.4 Cleanup title references (HO)
)
\c@section@level=\count155
)
LaTeX Info: Redefining \ref on input line 148.
LaTeX Info: Redefining \pageref on input line 148.
LaTeX Info: Redefining \nameref on input line 148.
\c@maskedRefs=\count156

(/usr/share/texlive/texmf-dist/tex/latex/apacite/spanish.apc
File: spanish.apc 2013/07/21 v6.03 apacite language file
LaTeX Info: Redefining \BPBI on input line 138.
LaTeX Info: Redefining \BHBI on input line 139.
)
ABD: EverySelectfont initializing macros
LaTeX Info: Redefining \selectfont on input line 148.
\c@lstlisting=\count157
\c@rom=\count158
LaTeX Font Info:    Font shape `T1/phv/bx/n' in size <24.88> not available
(Font)              Font shape `T1/phv/b/n' tried instead on input line 160.
 (./Manual.toc
LaTeX Info: Redefining \. on input line 1.
LaTeX Info: Redefining \% on input line 1.
LaTeX Font Info:    Font shape `T1/phv/bx/n' in size <10.95> not available
(Font)              Font shape `T1/phv/b/n' tried instead on input line 2.
LaTeX Font Info:    External font `cmex10' loaded for size
(Font)              <10.95> on input line 3.
LaTeX Font Info:    External font `cmex10' loaded for size
(Font)              <8> on input line 3.
LaTeX Font Info:    External font `cmex10' loaded for size
(Font)              <6> on input line 3.
)
\tf@toc=\write3
\openout3 = `Manual.toc'.

 (./Usuario.tex
Package babel Info: Redefining spanish shorthand <<
(babel)             in language  on input line 1.
Package babel Info: Redefining spanish shorthand >>
(babel)             in language  on input line 1.
Package babel Info: Redefining spanish shorthand "=
(babel)             in language  on input line 1.
Package babel Info: Redefining spanish shorthand "~
(babel)             in language  on input line 1.
Package babel Info: Redefining spanish shorthand "!
(babel)             in language  on input line 1.
Package babel Info: Redefining spanish shorthand "?
(babel)             in language  on input line 1.
Package babel Info: Redefining spanish shorthand <<
(babel)             in language  on input line 1.
Package babel Info: Redefining spanish shorthand >>
(babel)             in language  on input line 1.
Package babel Info: Redefining spanish shorthand "=
(babel)             in language  on input line 1.
Package babel Info: Redefining spanish shorthand "~
(babel)             in language  on input line 1.
Package babel Info: Redefining spanish shorthand "!
(babel)             in language  on input line 1.
Package babel Info: Redefining spanish shorthand "?
(babel)             in language  on input line 1.
 [1



{/var/lib/texmf/fonts/map/pdftex/updmap/pdftex.map}]
Package babel Info: Redefining spanish shorthand <<
(babel)             in language  on input line 1.
Package babel Info: Redefining spanish shorthand >>
(babel)             in language  on input line 1.
Package babel Info: Redefining spanish shorthand "=
(babel)             in language  on input line 1.
Package babel Info: Redefining spanish shorthand "~
(babel)             in language  on input line 1.
Package babel Info: Redefining spanish shorthand "!
(babel)             in language  on input line 1.
Package babel Info: Redefining spanish shorthand "?
(babel)             in language  on input line 1.
Package babel Info: Redefining spanish shorthand <<
(babel)             in language  on input line 1.
Package babel Info: Redefining spanish shorthand >>
(babel)             in language  on input line 1.
Package babel Info: Redefining spanish shorthand "=
(babel)             in language  on input line 1.
Package babel Info: Redefining spanish shorthand "~
(babel)             in language  on input line 1.
Package babel Info: Redefining spanish shorthand "!
(babel)             in language  on input line 1.
Package babel Info: Redefining spanish shorthand "?
(babel)             in language  on input line 1.
 [2

]
Cap\'{\i }tulo 1.
Package babel Info: Redefining spanish shorthand <<
(babel)             in language  on input line 1.
Package babel Info: Redefining spanish shorthand >>
(babel)             in language  on input line 1.
Package babel Info: Redefining spanish shorthand "=
(babel)             in language  on input line 1.
Package babel Info: Redefining spanish shorthand "~
(babel)             in language  on input line 1.
Package babel Info: Redefining spanish shorthand "!
(babel)             in language  on input line 1.
Package babel Info: Redefining spanish shorthand "?
(babel)             in language  on input line 1.
LaTeX Font Info:    Font shape `T1/phv/bx/n' in size <20.74> not available
(Font)              Font shape `T1/phv/b/n' tried instead on input line 1.
LaTeX Font Info:    Font shape `T1/phv/bx/n' in size <14.4> not available
(Font)              Font shape `T1/phv/b/n' tried instead on input line 3.
Package babel Info: Redefining spanish shorthand <<
(babel)             in language  on input line 3.
Package babel Info: Redefining spanish shorthand >>
(babel)             in language  on input line 3.
Package babel Info: Redefining spanish shorthand "=
(babel)             in language  on input line 3.
Package babel Info: Redefining spanish shorthand "~
(babel)             in language  on input line 3.
Package babel Info: Redefining spanish shorthand "!
(babel)             in language  on input line 3.
Package babel Info: Redefining spanish shorthand "?
(babel)             in language  on input line 3.
Package babel Info: Redefining spanish shorthand <<
(babel)             in language  on input line 31.
Package babel Info: Redefining spanish shorthand >>
(babel)             in language  on input line 31.
Package babel Info: Redefining spanish shorthand "=
(babel)             in language  on input line 31.
Package babel Info: Redefining spanish shorthand "~
(babel)             in language  on input line 31.
Package babel Info: Redefining spanish shorthand "!
(babel)             in language  on input line 31.
Package babel Info: Redefining spanish shorthand "?
(babel)             in language  on input line 31.
LaTeX Font Info:    External font `cmex10' loaded for size
(Font)              <9> on input line 34.
LaTeX Font Info:    External font `cmex10' loaded for size
(Font)              <5> on input line 34.
<fig/linkRegister.png, id=69, 306.39468pt x 47.42719pt>
File: fig/linkRegister.png Graphic file (type png)

<use fig/linkRegister.png>
Package pdftex.def Info: fig/linkRegister.png used on input line 42.
(pdftex.def)             Requested size: 153.19696pt x 23.71353pt.

<fig/userRegister.png, id=70, 858.20625pt x 479.54156pt>
File: fig/userRegister.png Graphic file (type png)

<use fig/userRegister.png>
Package pdftex.def Info: fig/userRegister.png used on input line 52.
(pdftex.def)             Requested size: 429.10208pt x 239.77019pt.
Package babel Info: Redefining spanish shorthand <<
(babel)             in language  on input line 54.
Package babel Info: Redefining spanish shorthand >>
(babel)             in language  on input line 54.
Package babel Info: Redefining spanish shorthand "=
(babel)             in language  on input line 54.
Package babel Info: Redefining spanish shorthand "~
(babel)             in language  on input line 54.
Package babel Info: Redefining spanish shorthand "!
(babel)             in language  on input line 54.
Package babel Info: Redefining spanish shorthand "?
(babel)             in language  on input line 54.
Package babel Info: Redefining spanish shorthand <<
(babel)             in language  on input line 54.
Package babel Info: Redefining spanish shorthand >>
(babel)             in language  on input line 54.
Package babel Info: Redefining spanish shorthand "=
(babel)             in language  on input line 54.
Package babel Info: Redefining spanish shorthand "~
(babel)             in language  on input line 54.
Package babel Info: Redefining spanish shorthand "!
(babel)             in language  on input line 54.
Package babel Info: Redefining spanish shorthand "?
(babel)             in language  on input line 54.
 [3 <./fig/linkRegister.png (PNG copy)>]
<fig/successRegister.png, id=77, 573.64313pt x 51.19125pt>
File: fig/successRegister.png Graphic file (type png)

<use fig/successRegister.png>
Package pdftex.def Info: fig/successRegister.png used on input line 63.
(pdftex.def)             Requested size: 401.54745pt x 35.83362pt.
Package babel Info: Redefining spanish shorthand <<
(babel)             in language  on input line 66.
Package babel Info: Redefining spanish shorthand >>
(babel)             in language  on input line 66.
Package babel Info: Redefining spanish shorthand "=
(babel)             in language  on input line 66.
Package babel Info: Redefining spanish shorthand "~
(babel)             in language  on input line 66.
Package babel Info: Redefining spanish shorthand "!
(babel)             in language  on input line 66.
Package babel Info: Redefining spanish shorthand "?
(babel)             in language  on input line 66.

<fig/linkLogin.png, id=79, 306.39468pt x 47.42719pt>
File: fig/linkLogin.png Graphic file (type png)
 <use fig/linkLogin.png>
Package pdftex.def Info: fig/linkLogin.png used on input line 75.
(pdftex.def)             Requested size: 153.19696pt x 23.71353pt.
Package babel Info: Redefining spanish shorthand <<
(babel)             in language  on input line 78.
Package babel Info: Redefining spanish shorthand >>
(babel)             in language  on input line 78.
Package babel Info: Redefining spanish shorthand "=
(babel)             in language  on input line 78.
Package babel Info: Redefining spanish shorthand "~
(babel)             in language  on input line 78.
Package babel Info: Redefining spanish shorthand "!
(babel)             in language  on input line 78.
Package babel Info: Redefining spanish shorthand "?
(babel)             in language  on input line 78.

<fig/formLogin.png, id=81, 640.64343pt x 275.52937pt>
File: fig/formLogin.png Graphic file (type png)
 <use fig/formLogin.png>
Package pdftex.def Info: fig/formLogin.png used on input line 89.
(pdftex.def)             Requested size: 320.32092pt x 137.76434pt.
Package babel Info: Redefining spanish shorthand <<
(babel)             in language  on input line 91.
Package babel Info: Redefining spanish shorthand >>
(babel)             in language  on input line 91.
Package babel Info: Redefining spanish shorthand "=
(babel)             in language  on input line 91.
Package babel Info: Redefining spanish shorthand "~
(babel)             in language  on input line 91.
Package babel Info: Redefining spanish shorthand "!
(babel)             in language  on input line 91.
Package babel Info: Redefining spanish shorthand "?
(babel)             in language  on input line 91.
Package babel Info: Redefining spanish shorthand <<
(babel)             in language  on input line 91.
Package babel Info: Redefining spanish shorthand >>
(babel)             in language  on input line 91.
Package babel Info: Redefining spanish shorthand "=
(babel)             in language  on input line 91.
Package babel Info: Redefining spanish shorthand "~
(babel)             in language  on input line 91.
Package babel Info: Redefining spanish shorthand "!
(babel)             in language  on input line 91.
Package babel Info: Redefining spanish shorthand "?
(babel)             in language  on input line 91.

[4 <./fig/userRegister.png (PNG copy)> <./fig/successRegister.png (PNG copy)> <
./fig/linkLogin.png (PNG copy)>]
<fig/linkProfile.png, id=90, 207.77625pt x 109.1578pt>
File: fig/linkProfile.png Graphic file (type png)

<use fig/linkProfile.png>
Package pdftex.def Info: fig/linkProfile.png used on input line 99.
(pdftex.def)             Requested size: 103.88786pt x 54.57877pt.

<fig/viewProfile.png, id=91, 530.73282pt x 193.47281pt>
File: fig/viewProfile.png Graphic file (type png)

<use fig/viewProfile.png>
Package pdftex.def Info: fig/viewProfile.png used on input line 110.
(pdftex.def)             Requested size: 265.36575pt x 96.73616pt.

<fig/formUpdateUser.png, id=93, 484.81125pt x 459.21562pt>
File: fig/formUpdateUser.png Graphic file (type png)

<use fig/formUpdateUser.png>
Package pdftex.def Info: fig/formUpdateUser.png used on input line 122.
(pdftex.def)             Requested size: 242.40503pt x 229.60724pt.

Underfull \vbox (badness 10000) has occurred while \output is active []

Package babel Info: Redefining spanish shorthand <<
(babel)             in language  on input line 124.
Package babel Info: Redefining spanish shorthand >>
(babel)             in language  on input line 124.
Package babel Info: Redefining spanish shorthand "=
(babel)             in language  on input line 124.
Package babel Info: Redefining spanish shorthand "~
(babel)             in language  on input line 124.
Package babel Info: Redefining spanish shorthand "!
(babel)             in language  on input line 124.
Package babel Info: Redefining spanish shorthand "?
(babel)             in language  on input line 124.
Package babel Info: Redefining spanish shorthand <<
(babel)             in language  on input line 124.
Package babel Info: Redefining spanish shorthand >>
(babel)             in language  on input line 124.
Package babel Info: Redefining spanish shorthand "=
(babel)             in language  on input line 124.
Package babel Info: Redefining spanish shorthand "~
(babel)             in language  on input line 124.
Package babel Info: Redefining spanish shorthand "!
(babel)             in language  on input line 124.
Package babel Info: Redefining spanish shorthand "?
(babel)             in language  on input line 124.
 [5 <./fig/formLogin.png (PNG copy)> <./fig/linkProfile.png (PNG copy)> <./fig/
viewProfile.png (PNG copy)>]
Package babel Info: Redefining spanish shorthand <<
(babel)             in language  on input line 125.
Package babel Info: Redefining spanish shorthand >>
(babel)             in language  on input line 125.
Package babel Info: Redefining spanish shorthand "=
(babel)             in language  on input line 125.
Package babel Info: Redefining spanish shorthand "~
(babel)             in language  on input line 125.
Package babel Info: Redefining spanish shorthand "!
(babel)             in language  on input line 125.
Package babel Info: Redefining spanish shorthand "?
(babel)             in language  on input line 125.

<fig/linkRecoveryPassword.png, id=102, 639.89063pt x 274.02374pt>
File: fig/linkRecoveryPassword.png Graphic file (type png)

<use fig/linkRecoveryPassword.png>
Package pdftex.def Info: fig/linkRecoveryPassword.png used on input line 135.
(pdftex.def)             Requested size: 319.94452pt x 137.01154pt.

<fig/formRecoveryPassword.png, id=103, 856.70062pt x 264.23718pt>
File: fig/formRecoveryPassword.png Graphic file (type png)

<use fig/formRecoveryPassword.png>
Package pdftex.def Info: fig/formRecoveryPassword.png used on input line 145.
(pdftex.def)             Requested size: 428.34926pt x 132.11826pt.

Underfull \vbox (badness 10000) has occurred while \output is active []

Package babel Info: Redefining spanish shorthand <<
(babel)             in language  on input line 147.
Package babel Info: Redefining spanish shorthand >>
(babel)             in language  on input line 147.
Package babel Info: Redefining spanish shorthand "=
(babel)             in language  on input line 147.
Package babel Info: Redefining spanish shorthand "~
(babel)             in language  on input line 147.
Package babel Info: Redefining spanish shorthand "!
(babel)             in language  on input line 147.
Package babel Info: Redefining spanish shorthand "?
(babel)             in language  on input line 147.
Package babel Info: Redefining spanish shorthand <<
(babel)             in language  on input line 147.
Package babel Info: Redefining spanish shorthand >>
(babel)             in language  on input line 147.
Package babel Info: Redefining spanish shorthand "=
(babel)             in language  on input line 147.
Package babel Info: Redefining spanish shorthand "~
(babel)             in language  on input line 147.
Package babel Info: Redefining spanish shorthand "!
(babel)             in language  on input line 147.
Package babel Info: Redefining spanish shorthand "?
(babel)             in language  on input line 147.
 [6 <./fig/formUpdateUser.png (PNG copy)> <./fig/linkRecoveryPassword.png (PNG 
copy)>]
<fig/successSentRecoveryPassword.png, id=110, 740.7675pt x 51.94406pt>
File: fig/successSentRecoveryPassword.png Graphic file (type png)

<use fig/successSentRecoveryPassword.png>
Package pdftex.def Info: fig/successSentRecoveryPassword.png used on input line
 155.
(pdftex.def)             Requested size: 370.38284pt x 25.97195pt.

<fig/formChangePassword.png, id=111, 666.23906pt x 222.8325pt>
File: fig/formChangePassword.png Graphic file (type png)

<use fig/formChangePassword.png>
Package pdftex.def Info: fig/formChangePassword.png used on input line 166.
(pdftex.def)             Requested size: 333.11871pt x 111.41597pt.
Package babel Info: Redefining spanish shorthand <<
(babel)             in language  on input line 170.
Package babel Info: Redefining spanish shorthand >>
(babel)             in language  on input line 170.
Package babel Info: Redefining spanish shorthand "=
(babel)             in language  on input line 170.
Package babel Info: Redefining spanish shorthand "~
(babel)             in language  on input line 170.
Package babel Info: Redefining spanish shorthand "!
(babel)             in language  on input line 170.
Package babel Info: Redefining spanish shorthand "?
(babel)             in language  on input line 170.

<fig/linkManageUser.png, id=114, 185.19188pt x 153.57375pt>
File: fig/linkManageUser.png Graphic file (type png)

<use fig/linkManageUser.png>
Package pdftex.def Info: fig/linkManageUser.png used on input line 182.
(pdftex.def)             Requested size: 92.5957pt x 76.78668pt.
LaTeX Font Info:    Font shape `T1/phv/bx/n' in size <12> not available
(Font)              Font shape `T1/phv/b/n' tried instead on input line 185.
Package babel Info: Redefining spanish shorthand <<
(babel)             in language  on input line 185.
Package babel Info: Redefining spanish shorthand >>
(babel)             in language  on input line 185.
Package babel Info: Redefining spanish shorthand "=
(babel)             in language  on input line 185.
Package babel Info: Redefining spanish shorthand "~
(babel)             in language  on input line 185.
Package babel Info: Redefining spanish shorthand "!
(babel)             in language  on input line 185.
Package babel Info: Redefining spanish shorthand "?
(babel)             in language  on input line 185.

<fig/linkUpdateProfileSelf.jpg, id=116, 814.54312pt x 106.14656pt>
File: fig/linkUpdateProfileSelf.jpg Graphic file (type jpg)

<use fig/linkUpdateProfileSelf.jpg>
Package pdftex.def Info: fig/linkUpdateProfileSelf.jpg used on input line 195.
(pdftex.def)             Requested size: 407.27055pt x 53.07315pt.
Package babel Info: Redefining spanish shorthand <<
(babel)             in language  on input line 196.
Package babel Info: Redefining spanish shorthand >>
(babel)             in language  on input line 196.
Package babel Info: Redefining spanish shorthand "=
(babel)             in language  on input line 196.
Package babel Info: Redefining spanish shorthand "~
(babel)             in language  on input line 196.
Package babel Info: Redefining spanish shorthand "!
(babel)             in language  on input line 196.
Package babel Info: Redefining spanish shorthand "?
(babel)             in language  on input line 196.
Package babel Info: Redefining spanish shorthand <<
(babel)             in language  on input line 196.
Package babel Info: Redefining spanish shorthand >>
(babel)             in language  on input line 196.
Package babel Info: Redefining spanish shorthand "=
(babel)             in language  on input line 196.
Package babel Info: Redefining spanish shorthand "~
(babel)             in language  on input line 196.
Package babel Info: Redefining spanish shorthand "!
(babel)             in language  on input line 196.
Package babel Info: Redefining spanish shorthand "?
(babel)             in language  on input line 196.
 [7 <./fig/formRecoveryPassword.png (PNG copy)> <./fig/successSentRecoveryPassw
ord.png (PNG copy)> <./fig/formChangePassword.png (PNG copy)> <./fig/linkManage
User.png (PNG copy)>]
Package babel Info: Redefining spanish shorthand <<
(babel)             in language  on input line 198.
Package babel Info: Redefining spanish shorthand >>
(babel)             in language  on input line 198.
Package babel Info: Redefining spanish shorthand "=
(babel)             in language  on input line 198.
Package babel Info: Redefining spanish shorthand "~
(babel)             in language  on input line 198.
Package babel Info: Redefining spanish shorthand "!
(babel)             in language  on input line 198.
Package babel Info: Redefining spanish shorthand "?
(babel)             in language  on input line 198.
Package babel Info: Redefining spanish shorthand <<
(babel)             in language  on input line 201.
Package babel Info: Redefining spanish shorthand >>
(babel)             in language  on input line 201.
Package babel Info: Redefining spanish shorthand "=
(babel)             in language  on input line 201.
Package babel Info: Redefining spanish shorthand "~
(babel)             in language  on input line 201.
Package babel Info: Redefining spanish shorthand "!
(babel)             in language  on input line 201.
Package babel Info: Redefining spanish shorthand "?
(babel)             in language  on input line 201.

<fig/addRolCoordinator.png, id=127, 452.4403pt x 167.12437pt>
File: fig/addRolCoordinator.png Graphic file (type png)

<use fig/addRolCoordinator.png>
Package pdftex.def Info: fig/addRolCoordinator.png used on input line 211.
(pdftex.def)             Requested size: 226.2196pt x 83.56197pt.
Package babel Info: Redefining spanish shorthand <<
(babel)             in language  on input line 214.
Package babel Info: Redefining spanish shorthand >>
(babel)             in language  on input line 214.
Package babel Info: Redefining spanish shorthand "=
(babel)             in language  on input line 214.
Package babel Info: Redefining spanish shorthand "~
(babel)             in language  on input line 214.
Package babel Info: Redefining spanish shorthand "!
(babel)             in language  on input line 214.
Package babel Info: Redefining spanish shorthand "?
(babel)             in language  on input line 214.

<fig/removeRolCoordinator.png, id=129, 297.36093pt x 139.27031pt>
File: fig/removeRolCoordinator.png Graphic file (type png)

<use fig/removeRolCoordinator.png>
Package pdftex.def Info: fig/removeRolCoordinator.png used on input line 224.
(pdftex.def)             Requested size: 148.6801pt x 69.63498pt.
Package babel Info: Redefining spanish shorthand <<
(babel)             in language  on input line 228.
Package babel Info: Redefining spanish shorthand >>
(babel)             in language  on input line 228.
Package babel Info: Redefining spanish shorthand "=
(babel)             in language  on input line 228.
Package babel Info: Redefining spanish shorthand "~
(babel)             in language  on input line 228.
Package babel Info: Redefining spanish shorthand "!
(babel)             in language  on input line 228.
Package babel Info: Redefining spanish shorthand "?
(babel)             in language  on input line 228.
Package babel Info: Redefining spanish shorthand <<
(babel)             in language  on input line 235.
Package babel Info: Redefining spanish shorthand >>
(babel)             in language  on input line 235.
Package babel Info: Redefining spanish shorthand "=
(babel)             in language  on input line 235.
Package babel Info: Redefining spanish shorthand "~
(babel)             in language  on input line 235.
Package babel Info: Redefining spanish shorthand "!
(babel)             in language  on input line 235.
Package babel Info: Redefining spanish shorthand "?
(babel)             in language  on input line 235.

<fig/linkCreateCategory.png, id=132, 191.9672pt x 122.70844pt>
File: fig/linkCreateCategory.png Graphic file (type png)

<use fig/linkCreateCategory.png>
Package pdftex.def Info: fig/linkCreateCategory.png used on input line 243.
(pdftex.def)             Requested size: 95.98335pt x 61.35406pt.
Package babel Info: Redefining spanish shorthand <<
(babel)             in language  on input line 254.
Package babel Info: Redefining spanish shorthand >>
(babel)             in language  on input line 254.
Package babel Info: Redefining spanish shorthand "=
(babel)             in language  on input line 254.
Package babel Info: Redefining spanish shorthand "~
(babel)             in language  on input line 254.
Package babel Info: Redefining spanish shorthand "!
(babel)             in language  on input line 254.
Package babel Info: Redefining spanish shorthand "?
(babel)             in language  on input line 254.
Package babel Info: Redefining spanish shorthand <<
(babel)             in language  on input line 254.
Package babel Info: Redefining spanish shorthand >>
(babel)             in language  on input line 254.
Package babel Info: Redefining spanish shorthand "=
(babel)             in language  on input line 254.
Package babel Info: Redefining spanish shorthand "~
(babel)             in language  on input line 254.
Package babel Info: Redefining spanish shorthand "!
(babel)             in language  on input line 254.
Package babel Info: Redefining spanish shorthand "?
(babel)             in language  on input line 254.
 [8 <./fig/linkUpdateProfileSelf.jpg> <./fig/addRolCoordinator.png (PNG copy)> 
<./fig/removeRolCoordinator.png (PNG copy)>]
<fig/formCategoryFather.png, id=140, 459.21562pt x 266.49562pt>
File: fig/formCategoryFather.png Graphic file (type png)

<use fig/formCategoryFather.png>
Package pdftex.def Info: fig/formCategoryFather.png used on input line 259.
(pdftex.def)             Requested size: 229.60724pt x 133.24748pt.

<fig/formCategoryChild.png, id=141, 661.72218pt x 471.26062pt>
File: fig/formCategoryChild.png Graphic file (type png)

<use fig/formCategoryChild.png>
Package pdftex.def Info: fig/formCategoryChild.png used on input line 272.
(pdftex.def)             Requested size: 330.86028pt x 235.62973pt.
Package babel Info: Redefining spanish shorthand <<
(babel)             in language  on input line 277.
Package babel Info: Redefining spanish shorthand >>
(babel)             in language  on input line 277.
Package babel Info: Redefining spanish shorthand "=
(babel)             in language  on input line 277.
Package babel Info: Redefining spanish shorthand "~
(babel)             in language  on input line 277.
Package babel Info: Redefining spanish shorthand "!
(babel)             in language  on input line 277.
Package babel Info: Redefining spanish shorthand "?
(babel)             in language  on input line 277.

<fig/linkUpdateCategory.png, id=143, 186.6975pt x 121.95563pt>
File: fig/linkUpdateCategory.png Graphic file (type png)

<use fig/linkUpdateCategory.png>
Package pdftex.def Info: fig/linkUpdateCategory.png used on input line 285.
(pdftex.def)             Requested size: 93.34851pt x 60.97765pt.
Package babel Info: Redefining spanish shorthand <<
(babel)             in language  on input line 286.
Package babel Info: Redefining spanish shorthand >>
(babel)             in language  on input line 286.
Package babel Info: Redefining spanish shorthand "=
(babel)             in language  on input line 286.
Package babel Info: Redefining spanish shorthand "~
(babel)             in language  on input line 286.
Package babel Info: Redefining spanish shorthand "!
(babel)             in language  on input line 286.
Package babel Info: Redefining spanish shorthand "?
(babel)             in language  on input line 286.
Package babel Info: Redefining spanish shorthand <<
(babel)             in language  on input line 286.
Package babel Info: Redefining spanish shorthand >>
(babel)             in language  on input line 286.
Package babel Info: Redefining spanish shorthand "=
(babel)             in language  on input line 286.
Package babel Info: Redefining spanish shorthand "~
(babel)             in language  on input line 286.
Package babel Info: Redefining spanish shorthand "!
(babel)             in language  on input line 286.
Package babel Info: Redefining spanish shorthand "?
(babel)             in language  on input line 286.
 [9 <./fig/linkCreateCategory.png (PNG copy)> <./fig/formCategoryFather.png (PN
G copy)> <./fig/formCategoryChild.png>]
<fig/linkUpdateCategoryFather.png, id=153, 736.25063pt x 129.48375pt>
File: fig/linkUpdateCategoryFather.png Graphic file (type png)

<use fig/linkUpdateCategoryFather.png>
Package pdftex.def Info: fig/linkUpdateCategoryFather.png used on input line 29
9.
(pdftex.def)             Requested size: 368.1244pt x 64.7417pt.

<fig/formUpdateCategoryFather.png, id=154, 515.67656pt x 269.50688pt>
File: fig/formUpdateCategoryFather.png Graphic file (type png)

<use fig/formUpdateCategoryFather.png>
Package pdftex.def Info: fig/formUpdateCategoryFather.png used on input line 31
0.
(pdftex.def)             Requested size: 257.83765pt x 134.7531pt.

<fig/linkUpdateCategoryChild.png, id=155, 731.73375pt x 124.96687pt>
File: fig/linkUpdateCategoryChild.png Graphic file (type png)

<use fig/linkUpdateCategoryChild.png>
Package pdftex.def Info: fig/linkUpdateCategoryChild.png used on input line 323
.
(pdftex.def)             Requested size: 365.86598pt x 62.48328pt.

<fig/formUpdateCategoryChild.png, id=156, 693.34032pt x 482.55281pt>
File: fig/formUpdateCategoryChild.png Graphic file (type png)

<use fig/formUpdateCategoryChild.png>
Package pdftex.def Info: fig/formUpdateCategoryChild.png used on input line 336
.
(pdftex.def)             Requested size: 346.66931pt x 241.2758pt.
Package babel Info: Redefining spanish shorthand <<
(babel)             in language  on input line 339.
Package babel Info: Redefining spanish shorthand >>
(babel)             in language  on input line 339.
Package babel Info: Redefining spanish shorthand "=
(babel)             in language  on input line 339.
Package babel Info: Redefining spanish shorthand "~
(babel)             in language  on input line 339.
Package babel Info: Redefining spanish shorthand "!
(babel)             in language  on input line 339.
Package babel Info: Redefining spanish shorthand "?
(babel)             in language  on input line 339.
Package babel Info: Redefining spanish shorthand <<
(babel)             in language  on input line 347.
Package babel Info: Redefining spanish shorthand >>
(babel)             in language  on input line 347.
Package babel Info: Redefining spanish shorthand "=
(babel)             in language  on input line 347.
Package babel Info: Redefining spanish shorthand "~
(babel)             in language  on input line 347.
Package babel Info: Redefining spanish shorthand "!
(babel)             in language  on input line 347.
Package babel Info: Redefining spanish shorthand "?
(babel)             in language  on input line 347.
Package babel Info: Redefining spanish shorthand <<
(babel)             in language  on input line 347.
Package babel Info: Redefining spanish shorthand >>
(babel)             in language  on input line 347.
Package babel Info: Redefining spanish shorthand "=
(babel)             in language  on input line 347.
Package babel Info: Redefining spanish shorthand "~
(babel)             in language  on input line 347.
Package babel Info: Redefining spanish shorthand "!
(babel)             in language  on input line 347.
Package babel Info: Redefining spanish shorthand "?
(babel)             in language  on input line 347.
 [10 <./fig/linkUpdateCategory.png (PNG copy)> <./fig/linkUpdateCategoryFather.
png (PNG copy)> <./fig/formUpdateCategoryFather.png (PNG copy)> <./fig/linkUpda
teCategoryChild.png (PNG copy)>]
<fig/linkDeleteCategoryChild.png, id=165, 747.54282pt x 182.93344pt>
File: fig/linkDeleteCategoryChild.png Graphic file (type png)

<use fig/linkDeleteCategoryChild.png>
Package pdftex.def Info: fig/linkDeleteCategoryChild.png used on input line 356
.
(pdftex.def)             Requested size: 373.7705pt x 91.46649pt.

<fig/linkDeleteCategoryFather.png, id=166, 742.27313pt x 149.8097pt>
File: fig/linkDeleteCategoryFather.png Graphic file (type png)

<use fig/linkDeleteCategoryFather.png>
Package pdftex.def Info: fig/linkDeleteCategoryFather.png used on input line 36
8.
(pdftex.def)             Requested size: 371.13567pt x 74.90465pt.
Package babel Info: Redefining spanish shorthand <<
(babel)             in language  on input line 373.
Package babel Info: Redefining spanish shorthand >>
(babel)             in language  on input line 373.
Package babel Info: Redefining spanish shorthand "=
(babel)             in language  on input line 373.
Package babel Info: Redefining spanish shorthand "~
(babel)             in language  on input line 373.
Package babel Info: Redefining spanish shorthand "!
(babel)             in language  on input line 373.
Package babel Info: Redefining spanish shorthand "?
(babel)             in language  on input line 373.
Package babel Info: Redefining spanish shorthand <<
(babel)             in language  on input line 375.
Package babel Info: Redefining spanish shorthand >>
(babel)             in language  on input line 375.
Package babel Info: Redefining spanish shorthand "=
(babel)             in language  on input line 375.
Package babel Info: Redefining spanish shorthand "~
(babel)             in language  on input line 375.
Package babel Info: Redefining spanish shorthand "!
(babel)             in language  on input line 375.
Package babel Info: Redefining spanish shorthand "?
(babel)             in language  on input line 375.

<fig/addRolTutor.png, id=168, 431.36156pt x 201.00093pt>
File: fig/addRolTutor.png Graphic file (type png)

<use fig/addRolTutor.png>
Package pdftex.def Info: fig/addRolTutor.png used on input line 385.
(pdftex.def)             Requested size: 215.68025pt x 100.50021pt.
Package babel Info: Redefining spanish shorthand <<
(babel)             in language  on input line 386.
Package babel Info: Redefining spanish shorthand >>
(babel)             in language  on input line 386.
Package babel Info: Redefining spanish shorthand "=
(babel)             in language  on input line 386.
Package babel Info: Redefining spanish shorthand "~
(babel)             in language  on input line 386.
Package babel Info: Redefining spanish shorthand "!
(babel)             in language  on input line 386.
Package babel Info: Redefining spanish shorthand "?
(babel)             in language  on input line 386.
Package babel Info: Redefining spanish shorthand <<
(babel)             in language  on input line 386.
Package babel Info: Redefining spanish shorthand >>
(babel)             in language  on input line 386.
Package babel Info: Redefining spanish shorthand "=
(babel)             in language  on input line 386.
Package babel Info: Redefining spanish shorthand "~
(babel)             in language  on input line 386.
Package babel Info: Redefining spanish shorthand "!
(babel)             in language  on input line 386.
Package babel Info: Redefining spanish shorthand "?
(babel)             in language  on input line 386.
 [11 <./fig/formUpdateCategoryChild.png (PNG copy)> <./fig/linkDeleteCategoryCh
ild.png (PNG copy)> <./fig/linkDeleteCategoryFather.png (PNG copy)>]
Package babel Info: Redefining spanish shorthand <<
(babel)             in language  on input line 388.
Package babel Info: Redefining spanish shorthand >>
(babel)             in language  on input line 388.
Package babel Info: Redefining spanish shorthand "=
(babel)             in language  on input line 388.
Package babel Info: Redefining spanish shorthand "~
(babel)             in language  on input line 388.
Package babel Info: Redefining spanish shorthand "!
(babel)             in language  on input line 388.
Package babel Info: Redefining spanish shorthand "?
(babel)             in language  on input line 388.
 <fig/removeRolTutor.png, id=177, 188.20313pt x 119.69719pt>
File: fig/removeRolTutor.png Graphic file (type png)

<use fig/removeRolTutor.png>
Package pdftex.def Info: fig/removeRolTutor.png used on input line 398.
(pdftex.def)             Requested size: 112.92273pt x 71.81885pt.
Package babel Info: Redefining spanish shorthand <<
(babel)             in language  on input line 401.
Package babel Info: Redefining spanish shorthand >>
(babel)             in language  on input line 401.
Package babel Info: Redefining spanish shorthand "=
(babel)             in language  on input line 401.
Package babel Info: Redefining spanish shorthand "~
(babel)             in language  on input line 401.
Package babel Info: Redefining spanish shorthand "!
(babel)             in language  on input line 401.
Package babel Info: Redefining spanish shorthand "?
(babel)             in language  on input line 401.
Package babel Info: Redefining spanish shorthand <<
(babel)             in language  on input line 406.
Package babel Info: Redefining spanish shorthand >>
(babel)             in language  on input line 406.
Package babel Info: Redefining spanish shorthand "=
(babel)             in language  on input line 406.
Package babel Info: Redefining spanish shorthand "~
(babel)             in language  on input line 406.
Package babel Info: Redefining spanish shorthand "!
(babel)             in language  on input line 406.
Package babel Info: Redefining spanish shorthand "?
(babel)             in language  on input line 406.

<fig/linkCreateContent.png, id=179, 168.63pt x 107.65219pt>
File: fig/linkCreateContent.png Graphic file (type png)

<use fig/linkCreateContent.png>
Package pdftex.def Info: fig/linkCreateContent.png used on input line 412.
(pdftex.def)             Requested size: 84.31479pt x 53.82596pt.

<fig/formCreateContent.png, id=180, 652.68843pt x 480.29437pt>
File: fig/formCreateContent.png Graphic file (type png)

<use fig/formCreateContent.png>
Package pdftex.def Info: fig/formCreateContent.png used on input line 423.
(pdftex.def)             Requested size: 326.34341pt x 240.14659pt.
Package babel Info: Redefining spanish shorthand <<
(babel)             in language  on input line 426.
Package babel Info: Redefining spanish shorthand >>
(babel)             in language  on input line 426.
Package babel Info: Redefining spanish shorthand "=
(babel)             in language  on input line 426.
Package babel Info: Redefining spanish shorthand "~
(babel)             in language  on input line 426.
Package babel Info: Redefining spanish shorthand "!
(babel)             in language  on input line 426.
Package babel Info: Redefining spanish shorthand "?
(babel)             in language  on input line 426.

<fig/linkAvailableContent.png, id=181, 807.7678pt x 112.16907pt>
File: fig/linkAvailableContent.png Graphic file (type png)

<use fig/linkAvailableContent.png>
Package pdftex.def Info: fig/linkAvailableContent.png used on input line 435.
(pdftex.def)             Requested size: 403.8829pt x 56.08438pt.
Package babel Info: Redefining spanish shorthand <<
(babel)             in language  on input line 437.
Package babel Info: Redefining spanish shorthand >>
(babel)             in language  on input line 437.
Package babel Info: Redefining spanish shorthand "=
(babel)             in language  on input line 437.
Package babel Info: Redefining spanish shorthand "~
(babel)             in language  on input line 437.
Package babel Info: Redefining spanish shorthand "!
(babel)             in language  on input line 437.
Package babel Info: Redefining spanish shorthand "?
(babel)             in language  on input line 437.
Package babel Info: Redefining spanish shorthand <<
(babel)             in language  on input line 437.
Package babel Info: Redefining spanish shorthand >>
(babel)             in language  on input line 437.
Package babel Info: Redefining spanish shorthand "=
(babel)             in language  on input line 437.
Package babel Info: Redefining spanish shorthand "~
(babel)             in language  on input line 437.
Package babel Info: Redefining spanish shorthand "!
(babel)             in language  on input line 437.
Package babel Info: Redefining spanish shorthand "?
(babel)             in language  on input line 437.
 [12 <./fig/addRolTutor.png (PNG copy)> <./fig/removeRolTutor.png (PNG copy)> <
./fig/linkCreateContent.png (PNG copy)>]
Package babel Info: Redefining spanish shorthand <<
(babel)             in language  on input line 438.
Package babel Info: Redefining spanish shorthand >>
(babel)             in language  on input line 438.
Package babel Info: Redefining spanish shorthand "=
(babel)             in language  on input line 438.
Package babel Info: Redefining spanish shorthand "~
(babel)             in language  on input line 438.
Package babel Info: Redefining spanish shorthand "!
(babel)             in language  on input line 438.
Package babel Info: Redefining spanish shorthand "?
(babel)             in language  on input line 438.

<fig/linkUpdateContent.png, id=189, 173.89969pt x 106.14656pt>
File: fig/linkUpdateContent.png Graphic file (type png)

<use fig/linkUpdateContent.png>
Package pdftex.def Info: fig/linkUpdateContent.png used on input line 446.
(pdftex.def)             Requested size: 86.94962pt x 53.07315pt.

<fig/linkUpdateChooseContent.png, id=190, 816.04875pt x 112.92188pt>
File: fig/linkUpdateChooseContent.png Graphic file (type png)

<use fig/linkUpdateChooseContent.png>
Package pdftex.def Info: fig/linkUpdateChooseContent.png used on input line 456
.
(pdftex.def)             Requested size: 408.02338pt x 56.46078pt.
Package babel Info: Redefining spanish shorthand <<
(babel)             in language  on input line 462.
Package babel Info: Redefining spanish shorthand >>
(babel)             in language  on input line 462.
Package babel Info: Redefining spanish shorthand "=
(babel)             in language  on input line 462.
Package babel Info: Redefining spanish shorthand "~
(babel)             in language  on input line 462.
Package babel Info: Redefining spanish shorthand "!
(babel)             in language  on input line 462.
Package babel Info: Redefining spanish shorthand "?
(babel)             in language  on input line 462.
Package babel Info: Redefining spanish shorthand <<
(babel)             in language  on input line 462.
Package babel Info: Redefining spanish shorthand >>
(babel)             in language  on input line 462.
Package babel Info: Redefining spanish shorthand "=
(babel)             in language  on input line 462.
Package babel Info: Redefining spanish shorthand "~
(babel)             in language  on input line 462.
Package babel Info: Redefining spanish shorthand "!
(babel)             in language  on input line 462.
Package babel Info: Redefining spanish shorthand "?
(babel)             in language  on input line 462.
 [13 <./fig/formCreateContent.png (PNG copy)> <./fig/linkAvailableContent.png (
PNG copy)> <./fig/linkUpdateContent.png (PNG copy)> <./fig/linkUpdateChooseCont
ent.png (PNG copy)>]
<fig/formUpdateContent.png, id=200, 686.565pt x 449.42906pt>
File: fig/formUpdateContent.png Graphic file (type png)

<use fig/formUpdateContent.png>
Package pdftex.def Info: fig/formUpdateContent.png used on input line 467.
(pdftex.def)             Requested size: 343.28166pt x 224.71397pt.
Package babel Info: Redefining spanish shorthand <<
(babel)             in language  on input line 470.
Package babel Info: Redefining spanish shorthand >>
(babel)             in language  on input line 470.
Package babel Info: Redefining spanish shorthand "=
(babel)             in language  on input line 470.
Package babel Info: Redefining spanish shorthand "~
(babel)             in language  on input line 470.
Package babel Info: Redefining spanish shorthand "!
(babel)             in language  on input line 470.
Package babel Info: Redefining spanish shorthand "?
(babel)             in language  on input line 470.

<fig/linkDeleteContent.png, id=201, 810.77907pt x 113.67468pt>
File: fig/linkDeleteContent.png Graphic file (type png)

<use fig/linkDeleteContent.png>
Package pdftex.def Info: fig/linkDeleteContent.png used on input line 479.
(pdftex.def)             Requested size: 405.38855pt x 56.83719pt.
Package babel Info: Redefining spanish shorthand <<
(babel)             in language  on input line 482.
Package babel Info: Redefining spanish shorthand >>
(babel)             in language  on input line 482.
Package babel Info: Redefining spanish shorthand "=
(babel)             in language  on input line 482.
Package babel Info: Redefining spanish shorthand "~
(babel)             in language  on input line 482.
Package babel Info: Redefining spanish shorthand "!
(babel)             in language  on input line 482.
Package babel Info: Redefining spanish shorthand "?
(babel)             in language  on input line 482.

<fig/linkMainPage.png, id=204, 311.66437pt x 45.16875pt>
File: fig/linkMainPage.png Graphic file (type png)

<use fig/linkMainPage.png>
Package pdftex.def Info: fig/linkMainPage.png used on input line 496.
(pdftex.def)             Requested size: 155.8318pt x 22.5843pt.

<fig/linkCategoryMainPage.png, id=205, 486.31688pt x 90.3375pt>
File: fig/linkCategoryMainPage.png Graphic file (type png)

<use fig/linkCategoryMainPage.png>
Package pdftex.def Info: fig/linkCategoryMainPage.png used on input line 507.
(pdftex.def)             Requested size: 243.15784pt x 45.16862pt.
Package babel Info: Redefining spanish shorthand <<
(babel)             in language  on input line 510.
Package babel Info: Redefining spanish shorthand >>
(babel)             in language  on input line 510.
Package babel Info: Redefining spanish shorthand "=
(babel)             in language  on input line 510.
Package babel Info: Redefining spanish shorthand "~
(babel)             in language  on input line 510.
Package babel Info: Redefining spanish shorthand "!
(babel)             in language  on input line 510.
Package babel Info: Redefining spanish shorthand "?
(babel)             in language  on input line 510.

<fig/linkDashboard.png, id=206, 453.19313pt x 51.19125pt>
File: fig/linkDashboard.png Graphic file (type png)

<use fig/linkDashboard.png>
Package pdftex.def Info: fig/linkDashboard.png used on input line 519.
(pdftex.def)             Requested size: 226.59601pt x 25.59555pt.
Package babel Info: Redefining spanish shorthand <<
(babel)             in language  on input line 520.
Package babel Info: Redefining spanish shorthand >>
(babel)             in language  on input line 520.
Package babel Info: Redefining spanish shorthand "=
(babel)             in language  on input line 520.
Package babel Info: Redefining spanish shorthand "~
(babel)             in language  on input line 520.
Package babel Info: Redefining spanish shorthand "!
(babel)             in language  on input line 520.
Package babel Info: Redefining spanish shorthand "?
(babel)             in language  on input line 520.
Package babel Info: Redefining spanish shorthand <<
(babel)             in language  on input line 520.
Package babel Info: Redefining spanish shorthand >>
(babel)             in language  on input line 520.
Package babel Info: Redefining spanish shorthand "=
(babel)             in language  on input line 520.
Package babel Info: Redefining spanish shorthand "~
(babel)             in language  on input line 520.
Package babel Info: Redefining spanish shorthand "!
(babel)             in language  on input line 520.
Package babel Info: Redefining spanish shorthand "?
(babel)             in language  on input line 520.
 [14 <./fig/formUpdateContent.png (PNG copy)> <./fig/linkDeleteContent.png (PNG
 copy)> <./fig/linkMainPage.png (PNG copy)>]
<fig/linkManageSubscription.png, id=214, 164.86594pt x 77.53969pt>
File: fig/linkManageSubscription.png Graphic file (type png)

<use fig/linkManageSubscription.png>
Package pdftex.def Info: fig/linkManageSubscription.png used on input line 529.

(pdftex.def)             Requested size: 82.43275pt x 38.76973pt.

<fig/buttonAddSubscription.png, id=215, 526.96875pt x 226.59656pt>
File: fig/buttonAddSubscription.png Graphic file (type png)

<use fig/buttonAddSubscription.png>
Package pdftex.def Info: fig/buttonAddSubscription.png used on input line 545.
(pdftex.def)             Requested size: 263.48372pt x 113.29799pt.

<fig/viewManageAvailableSubscription.png, id=217, 810.02625pt x 101.62968pt>
File: fig/viewManageAvailableSubscription.png Graphic file (type png)

<use fig/viewManageAvailableSubscription.png>
Package pdftex.def Info: fig/viewManageAvailableSubscription.png used on input 
line 555.
(pdftex.def)             Requested size: 405.01213pt x 50.81471pt.

<fig/buttonDeleteSubscription.png, id=218, 542.025pt x 183.68625pt>
File: fig/buttonDeleteSubscription.png Graphic file (type png)

<use fig/buttonDeleteSubscription.png>
Package pdftex.def Info: fig/buttonDeleteSubscription.png used on input line 56
8.
(pdftex.def)             Requested size: 271.01183pt x 91.84288pt.
Package babel Info: Redefining spanish shorthand <<
(babel)             in language  on input line 574.
Package babel Info: Redefining spanish shorthand >>
(babel)             in language  on input line 574.
Package babel Info: Redefining spanish shorthand "=
(babel)             in language  on input line 574.
Package babel Info: Redefining spanish shorthand "~
(babel)             in language  on input line 574.
Package babel Info: Redefining spanish shorthand "!
(babel)             in language  on input line 574.
Package babel Info: Redefining spanish shorthand "?
(babel)             in language  on input line 574.
Package babel Info: Redefining spanish shorthand <<
(babel)             in language  on input line 574.
Package babel Info: Redefining spanish shorthand >>
(babel)             in language  on input line 574.
Package babel Info: Redefining spanish shorthand "=
(babel)             in language  on input line 574.
Package babel Info: Redefining spanish shorthand "~
(babel)             in language  on input line 574.
Package babel Info: Redefining spanish shorthand "!
(babel)             in language  on input line 574.
Package babel Info: Redefining spanish shorthand "?
(babel)             in language  on input line 574.
 [15 <./fig/linkCategoryMainPage.png (PNG copy)> <./fig/linkDashboard.png (PNG 
copy)> <./fig/linkManageSubscription.png (PNG copy)> <./fig/buttonAddSubscripti
on.png (PNG copy)> <./fig/viewManageAvailableSubscription.png (PNG copy)>]
<fig/viewManageUnavailableSubscription.png, id=229, 810.77907pt x 117.43875pt>
File: fig/viewManageUnavailableSubscription.png Graphic file (type png)

<use fig/viewManageUnavailableSubscription.png>
Package pdftex.def Info: fig/viewManageUnavailableSubscription.png used on inpu
t line 579.
(pdftex.def)             Requested size: 405.38855pt x 58.71922pt.
Package babel Info: Redefining spanish shorthand <<
(babel)             in language  on input line 584.
Package babel Info: Redefining spanish shorthand >>
(babel)             in language  on input line 584.
Package babel Info: Redefining spanish shorthand "=
(babel)             in language  on input line 584.
Package babel Info: Redefining spanish shorthand "~
(babel)             in language  on input line 584.
Package babel Info: Redefining spanish shorthand "!
(babel)             in language  on input line 584.
Package babel Info: Redefining spanish shorthand "?
(babel)             in language  on input line 584.
File: fig/linkUpdateContent.png Graphic file (type png)

<use fig/linkUpdateContent.png>
Package pdftex.def Info: fig/linkUpdateContent.png used on input line 596.
(pdftex.def)             Requested size: 86.94962pt x 53.07315pt.

<fig/linkCreateTranslation.png, id=231, 783.67781pt x 169.38281pt>
File: fig/linkCreateTranslation.png Graphic file (type png)

<use fig/linkCreateTranslation.png>
Package pdftex.def Info: fig/linkCreateTranslation.png used on input line 608.
(pdftex.def)             Requested size: 391.83794pt x 84.6912pt.

<fig/formCreateGlossary.png, id=232, 451.6875pt x 303.38344pt>
File: fig/formCreateGlossary.png Graphic file (type png)

<use fig/formCreateGlossary.png>
Package pdftex.def Info: fig/formCreateGlossary.png used on input line 623.
(pdftex.def)             Requested size: 225.84319pt x 151.69135pt.
Package babel Info: Redefining spanish shorthand <<
(babel)             in language  on input line 631.
Package babel Info: Redefining spanish shorthand >>
(babel)             in language  on input line 631.
Package babel Info: Redefining spanish shorthand "=
(babel)             in language  on input line 631.
Package babel Info: Redefining spanish shorthand "~
(babel)             in language  on input line 631.
Package babel Info: Redefining spanish shorthand "!
(babel)             in language  on input line 631.
Package babel Info: Redefining spanish shorthand "?
(babel)             in language  on input line 631.
Package babel Info: Redefining spanish shorthand <<
(babel)             in language  on input line 631.
Package babel Info: Redefining spanish shorthand >>
(babel)             in language  on input line 631.
Package babel Info: Redefining spanish shorthand "=
(babel)             in language  on input line 631.
Package babel Info: Redefining spanish shorthand "~
(babel)             in language  on input line 631.
Package babel Info: Redefining spanish shorthand "!
(babel)             in language  on input line 631.
Package babel Info: Redefining spanish shorthand "?
(babel)             in language  on input line 631.
 [16 <./fig/buttonDeleteSubscription.png (PNG copy)> <./fig/viewManageUnavailab
leSubscription.png (PNG copy)> <./fig/linkCreateTranslation.png (PNG copy)>]
<fig/formCreateLyric.png, id=241, 569.12625pt x 368.1253pt>
File: fig/formCreateLyric.png Graphic file (type png)

<use fig/formCreateLyric.png>
Package pdftex.def Info: fig/formCreateLyric.png used on input line 640.
(pdftex.def)             Requested size: 284.56242pt x 184.0622pt.
)
Package atveryend Info: Empty hook `BeforeClearDocument' on input line 164.
Package babel Info: Redefining spanish shorthand <<
(babel)             in language  on input line 164.
Package babel Info: Redefining spanish shorthand >>
(babel)             in language  on input line 164.
Package babel Info: Redefining spanish shorthand "=
(babel)             in language  on input line 164.
Package babel Info: Redefining spanish shorthand "~
(babel)             in language  on input line 164.
Package babel Info: Redefining spanish shorthand "!
(babel)             in language  on input line 164.
Package babel Info: Redefining spanish shorthand "?
(babel)             in language  on input line 164.
Package babel Info: Redefining spanish shorthand <<
(babel)             in language  on input line 164.
Package babel Info: Redefining spanish shorthand >>
(babel)             in language  on input line 164.
Package babel Info: Redefining spanish shorthand "=
(babel)             in language  on input line 164.
Package babel Info: Redefining spanish shorthand "~
(babel)             in language  on input line 164.
Package babel Info: Redefining spanish shorthand "!
(babel)             in language  on input line 164.
Package babel Info: Redefining spanish shorthand "?
(babel)             in language  on input line 164.
 [17 <./fig/formCreateGlossary.png (PNG copy)> <./fig/formCreateLyric.png (PNG 
copy)>]
Package atveryend Info: Empty hook `AfterLastShipout' on input line 164.
 (./Manual.aux
LaTeX Info: Redefining \. on input line 25.
LaTeX Info: Redefining \% on input line 25.
)
Package atveryend Info: Executing hook `AtVeryEndDocument' on input line 164.
Package atveryend Info: Empty hook `AtEndAfterFileList' on input line 164.
 ) 
Here is how much of TeX's memory you used:
 12802 strings out of 495002
 189080 string characters out of 6181282
 618840 words of memory out of 5000000
 15702 multiletter control sequences out of 15000+600000
 43104 words of font info for 51 fonts, out of 8000000 for 9000
 14 hyphenation exceptions out of 8191
 53i,8n,92p,1018b,472s stack positions out of 5000i,500n,10000p,200000b,80000s
{/usr/share/texlive/texmf-dist/fonts/enc/dvips/base/8r.enc}</usr/share/texliv
e/texmf-dist/fonts/type1/urw/helvetic/uhvb8a.pfb></usr/share/texlive/texmf-dist
/fonts/type1/urw/helvetic/uhvr8a.pfb>
Output written on Manual.pdf (17 pages, 1125345 bytes).
PDF statistics:
 359 PDF objects out of 1000 (max. 8388607)
 288 compressed objects within 3 object streams
 94 named destinations out of 1000 (max. 500000)
 439 words of extra memory for PDF output out of 10000 (max. 10000000)

